<?xml version="1.0" encoding="UTF-8" ?>
<testsuite errors="0" failures="0" hostname="ice-Founder-PC" name="org.ccnx.ccn.protocol.ContentObjectTest" tests="3" time="0.244" timestamp="2014-01-15T07:02:08">
  <properties>
    <property name="env.DESKTOP_SESSION" value="ubuntu" />
    <property name="env.OLDPWD" value="/home/ice/ccnx-0.8.1" />
    <property name="file.encoding.pkg" value="sun.io" />
    <property name="REPO_LOCAL_ROOT" value="repotest" />
    <property name="repozip" value="repotest.zip" />
    <property name="java.home" value="/usr/lib/jvm/java-7-openjdk-amd64/jre" />
    <property name="bcprov-jar" value="/home/ice/ccnx-0.8.1/javasrc/lib/bcprov-jdk16-143.jar" />
    <property name="src.test.dir" value="/home/ice/ccnx-0.8.1/javasrc/src/test" />
    <property name="env.DISPLAY" value=":0" />
    <property name="PROTOCOL_KEY" value="ccn.agent.protocol" />
    <property name="env.LS_COLORS" value="rs=0:di=01;34:ln=01;36:mh=00:pi=40;33:so=01;35:do=01;35:bd=40;33;01:cd=40;33;01:or=40;31;01:su=37;41:sg=30;43:ca=30;41:tw=30;42:ow=34;42:st=37;44:ex=01;32:*.tar=01;31:*.tgz=01;31:*.arj=01;31:*.taz=01;31:*.lzh=01;31:*.lzma=01;31:*.tlz=01;31:*.txz=01;31:*.zip=01;31:*.z=01;31:*.Z=01;31:*.dz=01;31:*.gz=01;31:*.lz=01;31:*.xz=01;31:*.bz2=01;31:*.bz=01;31:*.tbz=01;31:*.tbz2=01;31:*.tz=01;31:*.deb=01;31:*.rpm=01;31:*.jar=01;31:*.war=01;31:*.ear=01;31:*.sar=01;31:*.rar=01;31:*.ace=01;31:*.zoo=01;31:*.cpio=01;31:*.7z=01;31:*.rz=01;31:*.jpg=01;35:*.jpeg=01;35:*.gif=01;35:*.bmp=01;35:*.pbm=01;35:*.pgm=01;35:*.ppm=01;35:*.tga=01;35:*.xbm=01;35:*.xpm=01;35:*.tif=01;35:*.tiff=01;35:*.png=01;35:*.svg=01;35:*.svgz=01;35:*.mng=01;35:*.pcx=01;35:*.mov=01;35:*.mpg=01;35:*.mpeg=01;35:*.m2v=01;35:*.mkv=01;35:*.webm=01;35:*.ogm=01;35:*.mp4=01;35:*.m4v=01;35:*.mp4v=01;35:*.vob=01;35:*.qt=01;35:*.nuv=01;35:*.wmv=01;35:*.asf=01;35:*.rm=01;35:*.rmvb=01;35:*.flc=01;35:*.avi=01;35:*.fli=01;35:*.flv=01;35:*.gl=01;35:*.dl=01;35:*.xcf=01;35:*.xwd=01;35:*.yuv=01;35:*.cgm=01;35:*.emf=01;35:*.axv=01;35:*.anx=01;35:*.ogv=01;35:*.ogx=01;35:*.aac=00;36:*.au=00;36:*.flac=00;36:*.mid=00;36:*.midi=00;36:*.mka=00;36:*.mp3=00;36:*.mpc=00;36:*.ogg=00;36:*.ra=00;36:*.wav=00;36:*.axa=00;36:*.oga=00;36:*.spx=00;36:*.xspf=00;36:" />
    <property name="env.XDG_SESSION_COOKIE" value="b59302dd9f83e56978dce20b00000008-1389767224.998489-1879405893" />
    <property name="jarfile" value="/home/ice/ccnx-0.8.1/javasrc/ccn.jar" />
    <property name="java.endorsed.dirs" value="/usr/lib/jvm/java-7-openjdk-amd64/jre/lib/endorsed" />
    <property name="env.LOGNAME" value="ice" />
    <property name="env.UBUNTU_MENUPROXY" value="libappmenu.so" />
    <property name="src.dir" value="/home/ice/ccnx-0.8.1/javasrc/src/main" />
    <property name="build-excludes" value="bin/**, log/**, lib/**, libsrc/**, repository/**, build/**, testout/**, ktrace.out, CCN_DEBUG_DATA/**" />
    <property name="env.LC_PAPER" value="zh_CN.UTF-8" />
    <property name="env.SESSION_MANAGER" value="local/ice-Founder-PC:@/tmp/.ICE-unix/1573,unix/ice-Founder-PC:/tmp/.ICE-unix/1573" />
    <property name="sun.os.patch.level" value="unknown" />
    <property name="java.vendor.url" value="http://java.oracle.com/" />
    <property name="env.XDG_SEAT_PATH" value="/org/freedesktop/DisplayManager/Seat0" />
    <property name="env.MANDATORY_PATH" value="/usr/share/gconf/ubuntu.mandatory.path" />
    <property name="java.version" value="1.7.0_25" />
    <property name="java.vendor.url.bug" value="http://bugreport.sun.com/bugreport/" />
    <property name="env.LANGUAGE" value="zh_CN:en_US:en" />
    <property name="REPO_ROOT" value="/home/ice/ccnx-0.8.1/javasrc/testout/repotest" />
    <property name="ant.project.invoked-targets" value="test" />
    <property name="env.XDG_DATA_DIRS" value="/usr/share/ubuntu:/usr/share/gnome:/usr/local/share/:/usr/share/" />
    <property name="env.GNOME_KEYRING_CONTROL" value="/tmp/keyring-ea0TEF" />
    <property name="USE_KEY_CONFIG_KEY" value="org.ccnx.config.UseKeyConfiguration" />
    <property name="user.name" value="ice" />
    <property name="env.LANG" value="zh_CN.UTF-8" />
    <property name="ccn.agent.port" value="63000" />
    <property name="env.LC_MONETARY" value="zh_CN.UTF-8" />
    <property name="sun.io.unicode.encoding" value="UnicodeLittle" />
    <property name="sun.jnu.encoding" value="UTF-8" />
    <property name="env.DBUS_SESSION_BUS_ADDRESS" value="unix:abstract=/tmp/dbus-rqKtqBmuRV,guid=b5b8b8bc14004f57d4ced6260000000f" />
    <property name="java.runtime.name" value="OpenJDK Runtime Environment" />
    <property name="env.LC_NAME" value="zh_CN.UTF-8" />
    <property name="REPO_ROOT2" value="/home/ice/ccnx-0.8.1/javasrc/testout/repotest2" />
    <property name="env.CCN_LOG_LEVEL_ALL" value="WARNING" />
    <property name="java.specification.name" value="Java Platform API Specification" />
    <property name="ant.file.ccn-libs" value="/home/ice/ccnx-0.8.1/javasrc/libs.xml" />
    <property name="user.timezone" value="" />
    <property name="env.LESSOPEN" value="| /usr/bin/lesspipe %s" />
    <property name="path.separator" value=":" />
    <property name="junit-jar" value="/home/ice/ccnx-0.8.1/javasrc/lib/junit-4.3.1.jar" />
    <property name="env.XMODIFIERS" value="@im=ibus" />
    <property name="file.encoding" value="UTF-8" />
    <property name="ant.project.default-target" value="jar" />
    <property name="build" value="/home/ice/ccnx-0.8.1/javasrc/build" />
    <property name="lib" value="/home/ice/ccnx-0.8.1/javasrc/lib" />
    <property name="env.HOME" value="/home/ice" />
    <property name="sun.java.command" value="org.apache.tools.ant.taskdefs.optional.junit.JUnitTestRunner testsfile=/home/ice/ccnx-0.8.1/javasrc/junittestcases2689383258697412776.properties filtertrace=true haltOnError=false haltOnFailure=true formatter=org.apache.tools.ant.taskdefs.optional.junit.SummaryJUnitResultFormatter showoutput=false outputtoformatters=true logfailedtests=true logtestlistenerevents=false formatter=org.apache.tools.ant.taskdefs.optional.junit.XMLJUnitResultFormatter,/home/ice/ccnx-0.8.1/javasrc/testout/IGNORETHIS.xml crashfile=/home/ice/ccnx-0.8.1/javasrc/junitvmwatcher4880578889670192776.properties propsfile=/home/ice/ccnx-0.8.1/javasrc/junit8831511703818068777.properties" />
    <property name="ant.file" value="/home/ice/ccnx-0.8.1/javasrc/build.xml" />
    <property name="env.LC_TELEPHONE" value="zh_CN.UTF-8" />
    <property name="CHATTY" value="WARNING" />
    <property name="env._" value="/usr/local/bin/ccntestloop" />
    <property name="org.ccnx.ccn.LogDir" value="/home/ice/ccnx-0.8.1/javasrc/testout/log" />
    <property name="java.io.tmpdir" value="/tmp" />
    <property name="env.LC_IDENTIFICATION" value="zh_CN.UTF-8" />
    <property name="user.language" value="zh" />
    <property name="EXIT_ON_ERROR" value="org.ccnx.ExitOnNetworkError" />
    <property name="line.separator" value="&#xa;" />
    <property name="ant.file.type" value="file" />
    <property name="env.SSH_AGENT_PID" value="1611" />
    <property name="env.CCN_TEST_GITCOMMAND" value=":" />
    <property name="java.vm.info" value="mixed mode" />
    <property name="LOGDIR_KEY" value="org.ccnx.ccn.LogDir" />
    <property name="sun.desktop" value="gnome" />
    <property name="java.vm.specification.name" value="Java Virtual Machine Specification" />
    <property name="env.COLORTERM" value="gnome-terminal" />
    <property name="TEST_PORT" value="63000" />
    <property name="env.CCN_CTESTS" value="" />
    <property name="env.LC_MEASUREMENT" value="zh_CN.UTF-8" />
    <property name="org.ccnx.config.UseKeyConfiguration" value="false" />
    <property name="env.LC_TIME" value="zh_CN.UTF-8" />
    <property name="env.GDMSESSION" value="ubuntu" />
    <property name="java.awt.printerjob" value="sun.print.PSPrinterJob" />
    <property name="env.DEFAULTS_PATH" value="/usr/share/gconf/ubuntu.default.path" />
    <property name="ant.version" value="Apache Ant(TM) version 1.8.2 compiled on December 3 2011" />
    <property name="env.WINDOWID" value="62914566" />
    <property name="REPO_LOCAL" value="TestRepository" />
    <property name="env.COMPIZ_CONFIG_PROFILE" value="ubuntu" />
    <property name="env.XDG_SESSION_PATH" value="/org/freedesktop/DisplayManager/Session0" />
    <property name="ant.file.type.java-ccnx" value="file" />
    <property name="os.name" value="Linux" />
    <property name="java.specification.vendor" value="Oracle Corporation" />
    <property name="xml-jar" value="/home/ice/ccnx-0.8.1/javasrc/lib/kxml2-2.3.0.jar" />
    <property name="env.TERM" value="xterm" />
    <property name="java.vm.name" value="OpenJDK 64-Bit Server VM" />
    <property name="env.QT_IM_MODULE" value="ibus" />
    <property name="java.library.path" value="/usr/java/packages/lib/amd64:/usr/lib/jni:/lib:/usr/lib" />
    <property name="env.PATH" value="/usr/lib/lightdm/lightdm:/usr/local/sbin:/usr/local/bin:/usr/sbin:/usr/bin:/sbin:/bin:/usr/games" />
    <property name="CCND_CAP" value="50000" />
    <property name="env.LESSCLOSE" value="/usr/bin/lesspipe %s %s" />
    <property name="ant.java.version" value="1.7" />
    <property name="basedir" value="/home/ice/ccnx-0.8.1/javasrc" />
    <property name="java.class.version" value="51.0" />
    <property name="env.SHLVL" value="1" />
    <property name="ant.home" value="/usr/share/ant" />
    <property name="DEBUG_OPTIONS" value="" />
    <property name="org.ccnx.ExitOnNetworkError" value="true" />
    <property name="repo2" value="true" />
    <property name="CCND_CMD" value="../../csrc/ccnd/ccnd" />
    <property name="JAVA_MEMORY" value="1g" />
    <property name="src.systemtest.dir" value="/home/ice/ccnx-0.8.1/javasrc/src/systemtest" />
    <property name="sun.boot.library.path" value="/usr/lib/jvm/java-7-openjdk-amd64/jre/lib/amd64" />
    <property name="env.MAKE" value="make" />
    <property name="sun.management.compiler" value="HotSpot 64-Bit Tiered Compilers" />
    <property name="java.awt.graphicsenv" value="sun.awt.X11GraphicsEnvironment" />
    <property name="env.USER" value="ice" />
    <property name="env.GTK_IM_MODULE" value="ibus" />
    <property name="env.CCN_TEST_BRANCH" value="HEAD" />
    <property name="ant.project.name" value="java-ccnx" />
    <property name="java.vm.specification.version" value="1.7" />
    <property name="UNIT_TOP_DIR" value="../src/test" />
    <property name="SYNC_NOISY" value="FINEST" />
    <property name="awt.toolkit" value="sun.awt.X11.XToolkit" />
    <property name="sun.cpu.isalist" value="" />
    <property name="cmddir" value="/home/ice/ccnx-0.8.1/csrc/cmd" />
    <property name="java.ext.dirs" value="/usr/lib/jvm/java-7-openjdk-amd64/jre/lib/ext:/usr/java/packages/lib/ext" />
    <property name="os.version" value="3.2.0-24-generic" />
    <property name="user.home" value="/home/ice" />
    <property name="env.XDG_CURRENT_DESKTOP" value="Unity" />
    <property name="ant.file.type.ccn-libs" value="file" />
    <property name="java.vm.vendor" value="Oracle Corporation" />
    <property name="env.XAUTHORITY" value="/home/ice/.Xauthority" />
    <property name="user.dir" value="/home/ice/ccnx-0.8.1/javasrc/testout" />
    <property name="REPO_GLOBAL" value="/parc.com/csl/ccn/repositories/TestRepository" />
    <property name="TOP_DIR" value="../src/systemtest" />
    <property name="env.PWD" value="/home/ice/ccnx-0.8.1/javasrc" />
    <property name="sun.cpu.endian" value="little" />
    <property name="env.CCN_TEST_CPU_LIMIT" value="" />
    <property name="testout" value="/home/ice/ccnx-0.8.1/javasrc/testout" />
    <property name="java.vm.version" value="23.7-b01" />
    <property name="java.class.path" value="/home/ice/ccnx-0.8.1/javasrc/lib/bcprov-jdk16-143.jar:/home/ice/ccnx-0.8.1/javasrc/lib/kxml2-2.3.0.jar:/home/ice/ccnx-0.8.1/javasrc/lib/junit-4.3.1.jar:/home/ice/ccnx-0.8.1/javasrc/ccn.jar:/usr/share/java/ant-launcher-1.8.2.jar:/usr/share/ant/lib/ant.jar:/usr/share/ant/lib/ant-junit.jar:/usr/share/ant/lib/ant-junit4.jar" />
    <property name="ant.library.dir" value="/usr/share/ant/lib" />
    <property name="env.LC_ADDRESS" value="zh_CN.UTF-8" />
    <property name="os.arch" value="amd64" />
    <property name="ccnr" value="/home/ice/ccnx-0.8.1/csrc/ccnr/ccnr" />
    <property name="env.LC_NUMERIC" value="zh_CN.UTF-8" />
    <property name="jarfile-base" value="ccn.jar" />
    <property name="env.CCN_JAVATESTS" value="" />
    <property name="sun.java.launcher" value="SUN_STANDARD" />
    <property name="testoutlog" value="/home/ice/ccnx-0.8.1/javasrc/testout/log" />
    <property name="ccnd" value="/home/ice/ccnx-0.8.1/csrc/ccnd/ccnd" />
    <property name="ant.core.lib" value="/usr/share/ant/lib/ant.jar" />
    <property name="java.vm.specification.vendor" value="Oracle Corporation" />
    <property name="ccn-libs-basedir" value="/home/ice/ccnx-0.8.1/javasrc" />
    <property name="file.separator" value="/" />
    <property name="ant.file.java-ccnx" value="/home/ice/ccnx-0.8.1/javasrc/build.xml" />
    <property name="java.runtime.version" value="1.7.0_25-b30" />
    <property name="sun.boot.class.path" value="/usr/lib/jvm/java-7-openjdk-amd64/jre/lib/resources.jar:/usr/lib/jvm/java-7-openjdk-amd64/jre/lib/rt.jar:/usr/lib/jvm/java-7-openjdk-amd64/jre/lib/sunrsasign.jar:/usr/lib/jvm/java-7-openjdk-amd64/jre/lib/jsse.jar:/usr/lib/jvm/java-7-openjdk-amd64/jre/lib/jce.jar:/usr/lib/jvm/java-7-openjdk-amd64/jre/lib/charsets.jar:/usr/lib/jvm/java-7-openjdk-amd64/jre/lib/netx.jar:/usr/lib/jvm/java-7-openjdk-amd64/jre/lib/plugin.jar:/usr/lib/jvm/java-7-openjdk-amd64/jre/lib/rhino.jar:/usr/lib/jvm/java-7-openjdk-amd64/jre/lib/jfr.jar:/usr/lib/jvm/java-7-openjdk-amd64/jre/classes" />
    <property name="env.SSH_AUTH_SOCK" value="/tmp/keyring-ea0TEF/ssh" />
    <property name="env.XDG_CONFIG_DIRS" value="/etc/xdg/xdg-ubuntu:/etc/xdg" />
    <property name="USE_KEY_CONFIG_VAL" value="false" />
    <property name="user.country" value="CN" />
    <property name="env.SHELL" value="/bin/bash" />
    <property name="java.vendor" value="Oracle Corporation" />
    <property name="showoutput" value="no" />
    <property name="CCND_DEBUG" value="87" />
    <property name="env.GPG_AGENT_INFO" value="/tmp/keyring-ea0TEF/gpg:0:1" />
    <property name="java.specification.version" value="1.7" />
    <property name="sun.arch.data.model" value="64" />
    <property name="env.GNOME_DESKTOP_SESSION_ID" value="this-is-deprecated" />
  </properties>
  <testcase classname="org.ccnx.ccn.protocol.ContentObjectTest" name="testDecodeInputStream" time="0.089" />
  <testcase classname="org.ccnx.ccn.protocol.ContentObjectTest" name="testImmutable" time="0.001" />
  <testcase classname="org.ccnx.ccn.protocol.ContentObjectTest" name="testDigest" time="0.003" />
  <system-out><![CDATA[Encoding ContentObjectKey(Text):
Encoded ContentObjectKey: 
<?xml version='1.0' encoding='UTF-8' standalone='yes' ?>
<ContentObject xmlns:ccn="http://www.parc.com/ccn">
  <Signature>
    <SignatureBits>BxYhprQHcwYb/pX7Q/Eoua/CuSLUbomYM2Ak2D4cvx3hhuYY5qej6damjEeBYB62o7GzwGyPFWSX6EnqK5Dk/w==</SignatureBits>
  </Signature>
  <Name>
    <Component>dGVzdA==</Component>
    <Component>c21ldHRlcnM=</Component>
    <Component>dGVzdDIudHh0</Component>
  </Name>
  <SignedInfo>
    <PublisherPublicKeyDigest>r92RT39VlMjRJJP0Sq/rzArrTp8Hf7CqSaxCsoZuC0U=</PublisherPublicKeyDigest>
    <Timestamp>2014-01-15T07:02:08.649902343Z</Timestamp>
    <Type>KEY/</Type>
    <KeyLocator>
      <Key>MFwwDQYJKoZIhvcNAQEBBQADSwAwSAJBAJkLdW2b+ZSMEMs/F7u1GmW1ZbTMw0R93r7NY50jpiZz7yAfSM+2mRddQEraO7TB0tu8zB9akg8hZEF6lfggFcsCAwEAAQ==</Key>
    </KeyLocator>
  </SignedInfo>
  <Content>AQIDBAUGBwgJCgsMDQ4PHxscHR4fLjxKXG1+Dw==</Content>
</ContentObject>
Decoding ContentObjectKey: 
Decoded ContentObjectKey: CObj: name=/test/smetters/test2.txt, digest=b2fa4e45e680a45f2ca17a210427317684a326897c374a9845111240957e7512, SI:si: type=KEY/si: timestamp=2014-01-15 15:02:08.649902343si: pub=r92RT39VlMjRJJP0Sq/rzArrTp8Hf7CqSaxCsoZuC0U=si: loc=KEY: r92RT39VlMjRJJP0Sq/rzArrTp8Hf7CqSaxCsoZuC0U= len=28, data==0102030405060708090A0B0C0D0E0F1F1B1C1D1E1F2E3C4A5C6D7E0F
Encoding ContentObjectKey(Binary):
Encoded ContentObjectKey: 
����!��s���C�(��¹"�n��3`$�>���槣�֦�G�`�����l�d��I�+�����test��smetters��test2.txt����ݑOU���$��J���
�N���I�B��nE��-c'
f(F?���0\0	*�H��K0HA�um���?��e�e���D}޾�c�#�&s� H϶�]@J�;���ۼ�Z�!dAz�� ���	
.<J\m~
Decoding ContentObjectKey: 
Decoded ContentObjectKey: CObj: name=/test/smetters/test2.txt, digest=b2fa4e45e680a45f2ca17a210427317684a326897c374a9845111240957e7512, SI:si: type=KEY/si: timestamp=2014-01-15 15:02:08.649902343si: pub=r92RT39VlMjRJJP0Sq/rzArrTp8Hf7CqSaxCsoZuC0U=si: loc=KEY: r92RT39VlMjRJJP0Sq/rzArrTp8Hf7CqSaxCsoZuC0U= len=28, data==0102030405060708090A0B0C0D0E0F1F1B1C1D1E1F2E3C4A5C6D7E0F
Encoding ContentObject(Text):
Encoded ContentObject: 
<?xml version='1.0' encoding='UTF-8' standalone='yes' ?>
<ContentObject xmlns:ccn="http://www.parc.com/ccn">
  <Signature>
    <SignatureBits>fOgCaMk/1htX9X72SN7RGHp54XTOCtAeGeunLDOERlZyzwi4LMHUZ1CzX6MMQqXpiVFbOnqDdZ4UeHgXY/DhPA==</SignatureBits>
  </Signature>
  <Name>
    <Component>dGVzdA==</Component>
    <Component>c21ldHRlcnM=</Component>
    <Component>dGVzdDIudHh0</Component>
  </Name>
  <SignedInfo>
    <PublisherPublicKeyDigest>r92RT39VlMjRJJP0Sq/rzArrTp8Hf7CqSaxCsoZuC0U=</PublisherPublicKeyDigest>
    <Timestamp>2014-01-15T07:02:08.649902343Z</Timestamp>
    <KeyLocator>
      <KeyName>
        <Name>
          <Component>dGVzdA==</Component>
          <Component>c21ldHRlcnM=</Component>
          <Component>a2V5</Component>
        </Name>
      </KeyName>
    </KeyLocator>
  </SignedInfo>
  <Content>AQIDBAUGBwgJCgsMDQ4PHxscHR4fLjxKXG1+Dw==</Content>
</ContentObject>
Decoding ContentObject: 
Decoded ContentObject: CObj: name=/test/smetters/test2.txt, digest=2912f7ea87c15e73d64296c4d61294c5d7531ba1fbd14235e1ad448b8ce7444d, SI:si: type=DATAsi: timestamp=2014-01-15 15:02:08.649902343si: pub=r92RT39VlMjRJJP0Sq/rzArrTp8Hf7CqSaxCsoZuC0U=si: loc=NAME: /test/smetters/key len=28, data==0102030405060708090A0B0C0D0E0F1F1B1C1D1E1F2E3C4A5C6D7E0F
Encoding ContentObject(Binary):
Encoded ContentObject: 
����|�h�?�W�~�H��zy�t�
��,3�FVr��,��gP�_�B��Q[:z�u�xxc��<��test��smetters��test2.txt����ݑOU���$��J���
�N���I�B��nE��-c'
f����test��smetters�key��	
.<J\m~
Decoding ContentObject: 
Decoded ContentObject: CObj: name=/test/smetters/test2.txt, digest=2912f7ea87c15e73d64296c4d61294c5d7531ba1fbd14235e1ad448b8ce7444d, SI:si: type=DATAsi: timestamp=2014-01-15 15:02:08.649902343si: pub=r92RT39VlMjRJJP0Sq/rzArrTp8Hf7CqSaxCsoZuC0U=si: loc=NAME: /test/smetters/key len=28, data==0102030405060708090A0B0C0D0E0F1F1B1C1D1E1F2E3C4A5C6D7E0F
Encoding ContentObject - empty content(Text):
Encoded ContentObject - empty content: 
<?xml version='1.0' encoding='UTF-8' standalone='yes' ?>
<ContentObject xmlns:ccn="http://www.parc.com/ccn">
  <Signature>
    <SignatureBits>SAjua4tK7LlH6ovSMFWhuQJHIQErWCgLzg8WU5TOQcqCzC/wB947eDWA2uHJXxQI5SYe0lQuWd2/B8ybRtPn1A==</SignatureBits>
  </Signature>
  <Name>
    <Component>dGVzdA==</Component>
    <Component>c21ldHRlcnM=</Component>
    <Component>dGVzdDIudHh0</Component>
  </Name>
  <SignedInfo>
    <PublisherPublicKeyDigest>r92RT39VlMjRJJP0Sq/rzArrTp8Hf7CqSaxCsoZuC0U=</PublisherPublicKeyDigest>
    <Timestamp>2014-01-15T07:02:08.649902343Z</Timestamp>
    <KeyLocator>
      <KeyName>
        <Name>
          <Component>dGVzdA==</Component>
          <Component>c21ldHRlcnM=</Component>
          <Component>a2V5</Component>
        </Name>
      </KeyName>
    </KeyLocator>
  </SignedInfo>
  <Content></Content>
</ContentObject>
Decoding ContentObject - empty content: 
Decoded ContentObject - empty content: CObj: name=/test/smetters/test2.txt, digest=6a404dcfc71b2eb6dedd8b6cd2b885345287914168343fc889f456d14ef18b39, SI:si: type=DATAsi: timestamp=2014-01-15 15:02:08.649902343si: pub=r92RT39VlMjRJJP0Sq/rzArrTp8Hf7CqSaxCsoZuC0U=si: loc=NAME: /test/smetters/key len=0, data=...
Encoding ContentObject - empty content(Binary):
Encoded ContentObject - empty content: 
����H�k�J�G��0U��G!+X(�S��Aʂ�/��;x5����_�&�T.Yݿ̛F�����test��smetters��test2.txt����ݑOU���$��J���
�N���I�B��nE��-c'
f����test��smetters�key�
Decoding ContentObject - empty content: 
Decoded ContentObject - empty content: CObj: name=/test/smetters/test2.txt, digest=6a404dcfc71b2eb6dedd8b6cd2b885345287914168343fc889f456d14ef18b39, SI:si: type=DATAsi: timestamp=2014-01-15 15:02:08.649902343si: pub=r92RT39VlMjRJJP0Sq/rzArrTp8Hf7CqSaxCsoZuC0U=si: loc=NAME: /test/smetters/key len=0, data=...
Encoding ContentObject - empty content2(Text):
Encoded ContentObject - empty content2: 
<?xml version='1.0' encoding='UTF-8' standalone='yes' ?>
<ContentObject xmlns:ccn="http://www.parc.com/ccn">
  <Signature>
    <SignatureBits>SAjua4tK7LlH6ovSMFWhuQJHIQErWCgLzg8WU5TOQcqCzC/wB947eDWA2uHJXxQI5SYe0lQuWd2/B8ybRtPn1A==</SignatureBits>
  </Signature>
  <Name>
    <Component>dGVzdA==</Component>
    <Component>c21ldHRlcnM=</Component>
    <Component>dGVzdDIudHh0</Component>
  </Name>
  <SignedInfo>
    <PublisherPublicKeyDigest>r92RT39VlMjRJJP0Sq/rzArrTp8Hf7CqSaxCsoZuC0U=</PublisherPublicKeyDigest>
    <Timestamp>2014-01-15T07:02:08.649902343Z</Timestamp>
    <KeyLocator>
      <KeyName>
        <Name>
          <Component>dGVzdA==</Component>
          <Component>c21ldHRlcnM=</Component>
          <Component>a2V5</Component>
        </Name>
      </KeyName>
    </KeyLocator>
  </SignedInfo>
  <Content></Content>
</ContentObject>
Decoding ContentObject - empty content2: 
Decoded ContentObject - empty content2: CObj: name=/test/smetters/test2.txt, digest=6a404dcfc71b2eb6dedd8b6cd2b885345287914168343fc889f456d14ef18b39, SI:si: type=DATAsi: timestamp=2014-01-15 15:02:08.649902343si: pub=r92RT39VlMjRJJP0Sq/rzArrTp8Hf7CqSaxCsoZuC0U=si: loc=NAME: /test/smetters/key len=0, data=...
Encoding ContentObject - empty content2(Binary):
Encoded ContentObject - empty content2: 
����H�k�J�G��0U��G!+X(�S��Aʂ�/��;x5����_�&�T.Yݿ̛F�����test��smetters��test2.txt����ݑOU���$��J���
�N���I�B��nE��-c'
f����test��smetters�key�
Decoding ContentObject - empty content2: 
Decoded ContentObject - empty content2: CObj: name=/test/smetters/test2.txt, digest=6a404dcfc71b2eb6dedd8b6cd2b885345287914168343fc889f456d14ef18b39, SI:si: type=DATAsi: timestamp=2014-01-15 15:02:08.649902343si: pub=r92RT39VlMjRJJP0Sq/rzArrTp8Hf7CqSaxCsoZuC0U=si: loc=NAME: /test/smetters/key len=0, data=...
Created object with content of length 0 digest: 6a404dcfc71b2eb6dedd8b6cd2b885345287914168343fc889f456d14ef18b39
Created another object with content of length 0 digest: 6a404dcfc71b2eb6dedd8b6cd2b885345287914168343fc889f456d14ef18b39
]]></system-out>
  <system-err><![CDATA[]]></system-err>
</testsuite>
